[16:34:19] [Server thread/INFO]: Starting minecraft server version 1.7.10
[16:35:48] [Server thread/INFO]: Loading properties
[16:35:48] [Server thread/WARN]: server.properties does not exist
[16:35:48] [Server thread/INFO]: Generating new properties file
[16:35:48] [Server thread/INFO]: Default game type: SURVIVAL
[16:35:48] [Server thread/INFO]: Generating keypair
[16:35:48] [Server thread/INFO]: Starting Minecraft server on *:25565
[16:36:21] [Server thread/WARN]: Failed to load user banlist: 
java.io.FileNotFoundException: banned-players.json (The system cannot find the file specified)
	at java.io.FileInputStream.open0(Native Method) ~[?:1.8.0_191]
	at java.io.FileInputStream.open(Unknown Source) ~[?:1.8.0_191]
	at java.io.FileInputStream.<init>(Unknown Source) ~[?:1.8.0_191]
	at com.google.common.io.Files.newReader(Files.java:86) ~[guava-17.0.jar:?]
	at net.minecraft.server.management.UserList.func_152679_g(SourceFile:124) ~[om.class:?]
	at net.minecraft.server.dedicated.DedicatedPlayerList.func_152620_y(SourceFile:99) [ls.class:?]
	at net.minecraft.server.dedicated.DedicatedPlayerList.<init>(SourceFile:25) [ls.class:?]
	at net.minecraft.server.dedicated.DedicatedServer.func_71197_b(DedicatedServer.java:211) [lt.class:?]
	at net.minecraft.server.MinecraftServer.run(MinecraftServer.java:387) [MinecraftServer.class:?]
	at net.minecraft.server.MinecraftServer$2.run(MinecraftServer.java:685) [li.class:?]
[16:36:21] [Server thread/WARN]: Failed to load ip banlist: 
java.io.FileNotFoundException: banned-ips.json (The system cannot find the file specified)
	at java.io.FileInputStream.open0(Native Method) ~[?:1.8.0_191]
	at java.io.FileInputStream.open(Unknown Source) ~[?:1.8.0_191]
	at java.io.FileInputStream.<init>(Unknown Source) ~[?:1.8.0_191]
	at com.google.common.io.Files.newReader(Files.java:86) ~[guava-17.0.jar:?]
	at net.minecraft.server.management.UserList.func_152679_g(SourceFile:124) ~[om.class:?]
	at net.minecraft.server.dedicated.DedicatedPlayerList.func_152619_x(SourceFile:91) [ls.class:?]
	at net.minecraft.server.dedicated.DedicatedPlayerList.<init>(SourceFile:27) [ls.class:?]
	at net.minecraft.server.dedicated.DedicatedServer.func_71197_b(DedicatedServer.java:211) [lt.class:?]
	at net.minecraft.server.MinecraftServer.run(MinecraftServer.java:387) [MinecraftServer.class:?]
	at net.minecraft.server.MinecraftServer$2.run(MinecraftServer.java:685) [li.class:?]
[16:36:21] [Server thread/WARN]: Failed to load operators list: 
java.io.FileNotFoundException: ops.json (The system cannot find the file specified)
	at java.io.FileInputStream.open0(Native Method) ~[?:1.8.0_191]
	at java.io.FileInputStream.open(Unknown Source) ~[?:1.8.0_191]
	at java.io.FileInputStream.<init>(Unknown Source) ~[?:1.8.0_191]
	at com.google.common.io.Files.newReader(Files.java:86) ~[guava-17.0.jar:?]
	at net.minecraft.server.management.UserList.func_152679_g(SourceFile:124) ~[om.class:?]
	at net.minecraft.server.dedicated.DedicatedPlayerList.func_72417_t(SourceFile:107) [ls.class:?]
	at net.minecraft.server.dedicated.DedicatedPlayerList.<init>(SourceFile:29) [ls.class:?]
	at net.minecraft.server.dedicated.DedicatedServer.func_71197_b(DedicatedServer.java:211) [lt.class:?]
	at net.minecraft.server.MinecraftServer.run(MinecraftServer.java:387) [MinecraftServer.class:?]
	at net.minecraft.server.MinecraftServer$2.run(MinecraftServer.java:685) [li.class:?]
[16:36:21] [Server thread/WARN]: Failed to load white-list: 
java.io.FileNotFoundException: whitelist.json (The system cannot find the file specified)
	at java.io.FileInputStream.open0(Native Method) ~[?:1.8.0_191]
	at java.io.FileInputStream.open(Unknown Source) ~[?:1.8.0_191]
	at java.io.FileInputStream.<init>(Unknown Source) ~[?:1.8.0_191]
	at com.google.common.io.Files.newReader(Files.java:86) ~[guava-17.0.jar:?]
	at net.minecraft.server.management.UserList.func_152679_g(SourceFile:124) ~[om.class:?]
	at net.minecraft.server.dedicated.DedicatedPlayerList.func_72418_v(SourceFile:123) [ls.class:?]
	at net.minecraft.server.dedicated.DedicatedPlayerList.<init>(SourceFile:30) [ls.class:?]
	at net.minecraft.server.dedicated.DedicatedServer.func_71197_b(DedicatedServer.java:211) [lt.class:?]
	at net.minecraft.server.MinecraftServer.run(MinecraftServer.java:387) [MinecraftServer.class:?]
	at net.minecraft.server.MinecraftServer$2.run(MinecraftServer.java:685) [li.class:?]
[16:36:22] [Server thread/INFO]: Preparing level "world"
[16:36:22] [Server thread/WARN]: Unable to find spawn biome
[16:36:24] [Server thread/WARN]: Unable to find spawn biome
[16:36:25] [Server thread/WARN]: Unable to find spawn biome
[16:36:29] [Server thread/INFO]: Preparing start region for level 0
[16:36:30] [Server thread/INFO]: Preparing spawn area: 7%
[16:36:31] [Server thread/INFO]: Preparing spawn area: 14%
[16:36:32] [Server thread/INFO]: Preparing spawn area: 23%
[16:36:33] [Server thread/INFO]: Preparing spawn area: 33%
[16:36:34] [Server thread/INFO]: Preparing spawn area: 41%
[16:36:35] [Server thread/INFO]: Preparing spawn area: 52%
[16:36:36] [Server thread/INFO]: Preparing spawn area: 63%
[16:36:37] [Server thread/INFO]: Preparing spawn area: 74%
[16:36:38] [Server thread/INFO]: Preparing spawn area: 83%
[16:36:39] [Server thread/INFO]: Preparing spawn area: 92%
[16:36:40] [Server thread/INFO]: Done (18.578s)! For help, type "help" or "?"
[16:58:52] [Server thread/INFO]: Stopping the server
[16:58:53] [Server thread/INFO]: Stopping server
[16:58:53] [Server thread/INFO]: Saving players
[16:58:53] [Server thread/INFO]: Saving worlds
[16:58:53] [Server thread/INFO]: Saving chunks for level 'world'/Overworld
[16:58:53] [Server thread/INFO]: Saving chunks for level 'world'/Nether
[16:58:53] [Server thread/INFO]: Saving chunks for level 'world'/The End
[16:58:53] [Server thread/INFO]: Saving chunks for level 'world'/Twilight Forest
[16:58:53] [Server thread/INFO]: Saving chunks for level 'world'/Underdark
[16:58:53] [Server thread/INFO]: Saving chunks for level 'world'/Dungeon
[16:58:53] [Server thread/INFO]: Saving chunks for level 'world'/Spirit World
[16:58:53] [Server thread/INFO]: Saving chunks for level 'world'/Torment
[16:58:53] [Server thread/INFO]: Saving chunks for level 'world'/Mirror
[16:58:53] [Server thread/INFO]: Saving chunks for level 'world'/The Outer Lands
[16:58:53] [Server thread/INFO]: Saving chunks for level 'world'/Bedrock
[16:58:53] [Server thread/INFO]: Saving chunks for level 'world'/The Last Millenium
[16:58:53] [Server thread/INFO]: Saving chunks for level 'world'/Mining World
